date:2014-09-01 04:56:26	thread:main	level:INFO 	logger:o.s.c.s.PropertySourcesPlaceholderConfigurer    	msg:Loading properties file from file [/Users/macapple/Documents/workspace-sts-3.5.1.RELEASE/SpringBookList/target/classes/META-INF/spring/application.properties]
date:2014-09-01 04:56:26	thread:main	level:INFO 	logger:o.s.c.s.PropertySourcesPlaceholderConfigurer    	msg:Loading properties file from file [/Users/macapple/Documents/workspace-sts-3.5.1.RELEASE/SpringBookList/target/classes/META-INF/spring/SpringBookList-infra.properties]
date:2014-09-01 04:56:28	thread:main	level:INFO 	logger:o.h.e.t.internal.TransactionFactoryInitiator    	msg:HHH000268: Transaction strategy: org.hibernate.engine.transaction.internal.jdbc.JdbcTransactionFactory
date:2014-09-01 04:56:29	thread:main	level:DEBUG	logger:jdbc.sqltiming                                  	msg: org.springframework.jdbc.datasource.init.ResourceDatabasePopulator.executeSqlScript(ResourceDatabasePopulator.java:186)
2. CREATE TABLE IF NOT EXISTS t_user (user_id integer GENERATED BY DEFAULT AS IDENTITY, user_birth date NOT NULL, created_at TIMESTAMP NOT NULL, user_email varchar(64) NOT NULL, user_name varchar(255) NOT NULL, user_password varchar(255) NOT NULL, updated_at TIMESTAMP NOT NULL, VERSION integer NOT NULL, PRIMARY KEY (user_id)) {executed in 15 msec}
date:2014-09-01 04:56:29	thread:main	level:DEBUG	logger:jdbc.sqltiming                                  	msg: org.springframework.jdbc.datasource.init.ResourceDatabasePopulator.executeSqlScript(ResourceDatabasePopulator.java:186)
2. ALTER TABLE t_user ADD CONSTRAINT uk_user_email UNIQUE (user_email) {executed in 0 msec}
date:2014-09-01 04:56:29	thread:main	level:DEBUG	logger:jdbc.sqltiming                                  	msg: org.springframework.jdbc.datasource.init.ResourceDatabasePopulator.executeSqlScript(ResourceDatabasePopulator.java:186)
2. INSERT INTO T_USER(USER_NAME, USER_EMAIL, USER_BIRTH, USER_PASSWORD, CREATED_AT, UPDATED_AT, VERSION) VALUES('name0', 'name0@example.com' ,'2000-01-01','password0','2012-10-13 00:00:00','2012-10-13 00:00:00',0) {executed in 7 msec}
date:2014-09-01 04:56:29	thread:main	level:DEBUG	logger:jdbc.sqltiming                                  	msg: org.springframework.jdbc.datasource.init.ResourceDatabasePopulator.executeSqlScript(ResourceDatabasePopulator.java:186)
2. INSERT INTO T_USER(USER_NAME, USER_EMAIL, USER_BIRTH, USER_PASSWORD, CREATED_AT, UPDATED_AT, VERSION) VALUES('name1', 'name1@example.com' ,'2000-01-01','password1','2012-10-13 00:00:00','2012-10-13 00:00:00',0) {executed in 1 msec}
date:2014-09-01 04:56:29	thread:main	level:DEBUG	logger:jdbc.sqltiming                                  	msg: org.springframework.jdbc.datasource.init.ResourceDatabasePopulator.executeSqlScript(ResourceDatabasePopulator.java:186)
2. INSERT INTO T_USER(USER_NAME, USER_EMAIL, USER_BIRTH, USER_PASSWORD, CREATED_AT, UPDATED_AT, VERSION) VALUES('name2', 'name2@example.com' ,'2000-01-01','password2','2012-10-13 00:00:00','2012-10-13 00:00:00',0) {executed in 1 msec}
date:2014-09-01 04:56:29	thread:main	level:DEBUG	logger:jdbc.sqltiming                                  	msg: org.springframework.jdbc.datasource.init.ResourceDatabasePopulator.executeSqlScript(ResourceDatabasePopulator.java:186)
2. INSERT INTO T_USER(USER_NAME, USER_EMAIL, USER_BIRTH, USER_PASSWORD, CREATED_AT, UPDATED_AT, VERSION) VALUES('name3', 'name3@example.com' ,'2000-01-01','password3','2012-10-13 00:00:00','2012-10-13 00:00:00',0) {executed in 1 msec}
date:2014-09-01 04:56:29	thread:main	level:DEBUG	logger:jdbc.sqltiming                                  	msg: org.springframework.jdbc.datasource.init.ResourceDatabasePopulator.executeSqlScript(ResourceDatabasePopulator.java:186)
2. INSERT INTO T_USER(USER_NAME, USER_EMAIL, USER_BIRTH, USER_PASSWORD, CREATED_AT, UPDATED_AT, VERSION) VALUES('name4', 'name4@example.com' ,'2000-01-01','password4','2012-10-13 00:00:00','2012-10-13 00:00:00',0) {executed in 1 msec}
date:2014-09-01 04:56:29	thread:main	level:DEBUG	logger:jdbc.sqltiming                                  	msg: org.springframework.jdbc.datasource.init.ResourceDatabasePopulator.executeSqlScript(ResourceDatabasePopulator.java:186)
2. commit {executed in 1 msec}
date:2014-09-01 04:56:29	thread:main	level:WARN 	logger:org.dozer.config.GlobalSettings                 	msg:Dozer configuration file not found: dozer.properties.  Using defaults for all Dozer global properties.
date:2014-09-01 04:56:30	thread:main	level:DEBUG	logger:o.h.e.transaction.spi.AbstractTransactionImpl   	msg:begin
date:2014-09-01 04:56:30	thread:main	level:DEBUG	logger:o.h.e.transaction.internal.jdbc.JdbcTransaction 	msg:initial autocommit status: false
date:2014-09-01 04:56:30	thread:main	level:DEBUG	logger:jdbc.sqltiming                                  	msg: org.springframework.jdbc.core.JdbcTemplate$1ExecuteStatementCallback.doInStatement(JdbcTemplate.java:421)
3. DELETE FROM T_USER {executed in 3 msec}
date:2014-09-01 04:56:30	thread:main	level:DEBUG	logger:jdbc.sqltiming                                  	msg: org.springframework.jdbc.core.JdbcTemplate$4.doInPreparedStatement(JdbcTemplate.java:905)
3. batching 20 statements:
 0:  INSERT INTO T_USER(USER_NAME, USER_EMAIL, USER_BIRTH, USER_PASSWORD, CREATED_AT, UPDATED_AT, VERSION) VALUES('name0','name0@example.com','01/01/1990 04:56:30.297','password0','09/01/2014 04:56:25.810','09/01/2014 04:56:25.810',1)
 1:  INSERT INTO T_USER(USER_NAME, USER_EMAIL, USER_BIRTH, USER_PASSWORD, CREATED_AT, UPDATED_AT, VERSION) VALUES('name1','name1@example.com','02/02/1991 04:56:30.298','password1','09/01/2014 04:56:25.810','09/01/2014 04:56:25.810',1)
 2:  INSERT INTO T_USER(USER_NAME, USER_EMAIL, USER_BIRTH, USER_PASSWORD, CREATED_AT, UPDATED_AT, VERSION) VALUES('name2','name2@example.com','03/03/1992 04:56:30.298','password2','09/01/2014 04:56:25.810','09/01/2014 04:56:25.810',1)
 3:  INSERT INTO T_USER(USER_NAME, USER_EMAIL, USER_BIRTH, USER_PASSWORD, CREATED_AT, UPDATED_AT, VERSION) VALUES('name3','name3@example.com','04/04/1993 04:56:30.298','password3','09/01/2014 04:56:25.810','09/01/2014 04:56:25.810',1)
 4:  INSERT INTO T_USER(USER_NAME, USER_EMAIL, USER_BIRTH, USER_PASSWORD, CREATED_AT, UPDATED_AT, VERSION) VALUES('name4','name4@example.com','05/05/1994 04:56:30.298','password4','09/01/2014 04:56:25.810','09/01/2014 04:56:25.810',1)
 5:  INSERT INTO T_USER(USER_NAME, USER_EMAIL, USER_BIRTH, USER_PASSWORD, CREATED_AT, UPDATED_AT, VERSION) VALUES('name5','name5@example.com','06/06/1995 04:56:30.298','password5','09/01/2014 04:56:25.810','09/01/2014 04:56:25.810',1)
 6:  INSERT INTO T_USER(USER_NAME, USER_EMAIL, USER_BIRTH, USER_PASSWORD, CREATED_AT, UPDATED_AT, VERSION) VALUES('name6','name6@example.com','07/07/1996 04:56:30.298','password6','09/01/2014 04:56:25.810','09/01/2014 04:56:25.810',1)
 7:  INSERT INTO T_USER(USER_NAME, USER_EMAIL, USER_BIRTH, USER_PASSWORD, CREATED_AT, UPDATED_AT, VERSION) VALUES('name7','name7@example.com','08/08/1997 04:56:30.298','password7','09/01/2014 04:56:25.810','09/01/2014 04:56:25.810',1)
 8:  INSERT INTO T_USER(USER_NAME, USER_EMAIL, USER_BIRTH, USER_PASSWORD, CREATED_AT, UPDATED_AT, VERSION) VALUES('name8','name8@example.com','09/09/1998 04:56:30.298','password8','09/01/2014 04:56:25.810','09/01/2014 04:56:25.810',1)
 9:  INSERT INTO T_USER(USER_NAME, USER_EMAIL, USER_BIRTH, USER_PASSWORD, CREATED_AT, UPDATED_AT, VERSION) VALUES('name9','name9@example.com','10/10/1999 04:56:30.298','password9','09/01/2014 04:56:25.810','09/01/2014 04:56:25.810',1)
10:  INSERT INTO T_USER(USER_NAME, USER_EMAIL, USER_BIRTH, USER_PASSWORD, CREATED_AT, UPDATED_AT, VERSION) VALUES('name10','name10@example.com','11/11/2000 04:56:30.298','password10','09/01/2014 04:56:25.810','09/01/2014 04:56:25.810',1)
11:  INSERT INTO T_USER(USER_NAME, USER_EMAIL, USER_BIRTH, USER_PASSWORD, CREATED_AT, UPDATED_AT, VERSION) VALUES('name11','name11@example.com','12/12/2001 04:56:30.298','password11','09/01/2014 04:56:25.810','09/01/2014 04:56:25.810',1)
12:  INSERT INTO T_USER(USER_NAME, USER_EMAIL, USER_BIRTH, USER_PASSWORD, CREATED_AT, UPDATED_AT, VERSION) VALUES('name12','name12@example.com','01/13/2002 04:56:30.298','password12','09/01/2014 04:56:25.810','09/01/2014 04:56:25.810',1)
13:  INSERT INTO T_USER(USER_NAME, USER_EMAIL, USER_BIRTH, USER_PASSWORD, CREATED_AT, UPDATED_AT, VERSION) VALUES('name13','name13@example.com','02/14/2003 04:56:30.298','password13','09/01/2014 04:56:25.810','09/01/2014 04:56:25.810',1)
14:  INSERT INTO T_USER(USER_NAME, USER_EMAIL, USER_BIRTH, USER_PASSWORD, CREATED_AT, UPDATED_AT, VERSION) VALUES('name14','name14@example.com','03/15/2004 04:56:30.298','password14','09/01/2014 04:56:25.810','09/01/2014 04:56:25.810',1)
15:  INSERT INTO T_USER(USER_NAME, USER_EMAIL, USER_BIRTH, USER_PASSWORD, CREATED_AT, UPDATED_AT, VERSION) VALUES('name15','name15@example.com','04/16/2005 04:56:30.298','password15','09/01/2014 04:56:25.810','09/01/2014 04:56:25.810',1)
16:  INSERT INTO T_USER(USER_NAME, USER_EMAIL, USER_BIRTH, USER_PASSWORD, CREATED_AT, UPDATED_AT, VERSION) VALUES('name16','name16@example.com','05/17/2006 04:56:30.298','password16','09/01/2014 04:56:25.810','09/01/2014 04:56:25.810',1)
17:  INSERT INTO T_USER(USER_NAME, USER_EMAIL, USER_BIRTH, USER_PASSWORD, CREATED_AT, UPDATED_AT, VERSION) VALUES('name17','name17@example.com','06/18/2007 04:56:30.298','password17','09/01/2014 04:56:25.810','09/01/2014 04:56:25.810',1)
18:  INSERT INTO T_USER(USER_NAME, USER_EMAIL, USER_BIRTH, USER_PASSWORD, CREATED_AT, UPDATED_AT, VERSION) VALUES('name18','name18@example.com','07/19/2008 04:56:30.298','password18','09/01/2014 04:56:25.810','09/01/2014 04:56:25.810',1)
19:  INSERT INTO T_USER(USER_NAME, USER_EMAIL, USER_BIRTH, USER_PASSWORD, CREATED_AT, UPDATED_AT, VERSION) VALUES('name19','name19@example.com','08/20/2009 04:56:30.298','password19','09/01/2014 04:56:25.810','09/01/2014 04:56:25.810',1) {executed in 3 msec}
date:2014-09-01 04:56:30	thread:main	level:DEBUG	logger:jdbc.sqltiming                                  	msg: org.hibernate.engine.jdbc.internal.ResultSetReturnImpl.extract(ResultSetReturnImpl.java:56)
3. /* SELECT COUNT(x) FROM User x WHERE x.name LIKE :name */ select count(user0_.user_id) as col_0_0_ from t_user user0_ where user0_.user_name like 'name1%%' {executed in 11 msec}
date:2014-09-01 04:56:30	thread:main	level:DEBUG	logger:jdbc.sqltiming                                  	msg: org.hibernate.engine.jdbc.internal.ResultSetReturnImpl.extract(ResultSetReturnImpl.java:56)
3. /* SELECT x FROM User x WHERE x.name LIKE :name ORDER BY x.id */ select user0_.user_id as user_id1_0_, user0_.user_birth as user_bir2_0_, user0_.created_at as created_3_0_, user0_.user_email as user_ema4_0_, user0_.user_name as user_nam5_0_, user0_.user_password as user_pas6_0_, user0_.updated_at as updated_7_0_, user0_.version as version8_0_ from t_user user0_ where user0_.user_name like 'name1%%' order by user0_.user_id limit 3 offset 3 {executed in 2 msec}
date:2014-09-01 04:56:30	thread:main	level:DEBUG	logger:o.h.e.transaction.spi.AbstractTransactionImpl   	msg:rolling back
date:2014-09-01 04:56:30	thread:main	level:DEBUG	logger:o.h.e.transaction.internal.jdbc.JdbcTransaction 	msg:rolled JDBC Connection
date:2014-09-01 04:56:30	thread:main	level:DEBUG	logger:o.h.e.transaction.spi.AbstractTransactionImpl   	msg:begin
date:2014-09-01 04:56:30	thread:main	level:DEBUG	logger:o.h.e.transaction.internal.jdbc.JdbcTransaction 	msg:initial autocommit status: false
date:2014-09-01 04:56:30	thread:main	level:DEBUG	logger:jdbc.sqltiming                                  	msg: org.springframework.jdbc.core.JdbcTemplate$1ExecuteStatementCallback.doInStatement(JdbcTemplate.java:421)
4. DELETE FROM T_USER {executed in 1 msec}
date:2014-09-01 04:56:30	thread:main	level:DEBUG	logger:jdbc.sqltiming                                  	msg: org.springframework.jdbc.core.JdbcTemplate$4.doInPreparedStatement(JdbcTemplate.java:905)
4. batching 20 statements:
 0:  INSERT INTO T_USER(USER_NAME, USER_EMAIL, USER_BIRTH, USER_PASSWORD, CREATED_AT, UPDATED_AT, VERSION) VALUES('name0','name0@example.com','01/01/1990 04:56:30.438','password0','09/01/2014 04:56:30.434','09/01/2014 04:56:30.434',1)
 1:  INSERT INTO T_USER(USER_NAME, USER_EMAIL, USER_BIRTH, USER_PASSWORD, CREATED_AT, UPDATED_AT, VERSION) VALUES('name1','name1@example.com','02/02/1991 04:56:30.438','password1','09/01/2014 04:56:30.434','09/01/2014 04:56:30.434',1)
 2:  INSERT INTO T_USER(USER_NAME, USER_EMAIL, USER_BIRTH, USER_PASSWORD, CREATED_AT, UPDATED_AT, VERSION) VALUES('name2','name2@example.com','03/03/1992 04:56:30.438','password2','09/01/2014 04:56:30.434','09/01/2014 04:56:30.434',1)
 3:  INSERT INTO T_USER(USER_NAME, USER_EMAIL, USER_BIRTH, USER_PASSWORD, CREATED_AT, UPDATED_AT, VERSION) VALUES('name3','name3@example.com','04/04/1993 04:56:30.438','password3','09/01/2014 04:56:30.434','09/01/2014 04:56:30.434',1)
 4:  INSERT INTO T_USER(USER_NAME, USER_EMAIL, USER_BIRTH, USER_PASSWORD, CREATED_AT, UPDATED_AT, VERSION) VALUES('name4','name4@example.com','05/05/1994 04:56:30.438','password4','09/01/2014 04:56:30.434','09/01/2014 04:56:30.434',1)
 5:  INSERT INTO T_USER(USER_NAME, USER_EMAIL, USER_BIRTH, USER_PASSWORD, CREATED_AT, UPDATED_AT, VERSION) VALUES('name5','name5@example.com','06/06/1995 04:56:30.438','password5','09/01/2014 04:56:30.434','09/01/2014 04:56:30.434',1)
 6:  INSERT INTO T_USER(USER_NAME, USER_EMAIL, USER_BIRTH, USER_PASSWORD, CREATED_AT, UPDATED_AT, VERSION) VALUES('name6','name6@example.com','07/07/1996 04:56:30.438','password6','09/01/2014 04:56:30.434','09/01/2014 04:56:30.434',1)
 7:  INSERT INTO T_USER(USER_NAME, USER_EMAIL, USER_BIRTH, USER_PASSWORD, CREATED_AT, UPDATED_AT, VERSION) VALUES('name7','name7@example.com','08/08/1997 04:56:30.438','password7','09/01/2014 04:56:30.434','09/01/2014 04:56:30.434',1)
 8:  INSERT INTO T_USER(USER_NAME, USER_EMAIL, USER_BIRTH, USER_PASSWORD, CREATED_AT, UPDATED_AT, VERSION) VALUES('name8','name8@example.com','09/09/1998 04:56:30.438','password8','09/01/2014 04:56:30.434','09/01/2014 04:56:30.434',1)
 9:  INSERT INTO T_USER(USER_NAME, USER_EMAIL, USER_BIRTH, USER_PASSWORD, CREATED_AT, UPDATED_AT, VERSION) VALUES('name9','name9@example.com','10/10/1999 04:56:30.439','password9','09/01/2014 04:56:30.434','09/01/2014 04:56:30.434',1)
10:  INSERT INTO T_USER(USER_NAME, USER_EMAIL, USER_BIRTH, USER_PASSWORD, CREATED_AT, UPDATED_AT, VERSION) VALUES('name10','name10@example.com','11/11/2000 04:56:30.439','password10','09/01/2014 04:56:30.434','09/01/2014 04:56:30.434',1)
11:  INSERT INTO T_USER(USER_NAME, USER_EMAIL, USER_BIRTH, USER_PASSWORD, CREATED_AT, UPDATED_AT, VERSION) VALUES('name11','name11@example.com','12/12/2001 04:56:30.439','password11','09/01/2014 04:56:30.434','09/01/2014 04:56:30.434',1)
12:  INSERT INTO T_USER(USER_NAME, USER_EMAIL, USER_BIRTH, USER_PASSWORD, CREATED_AT, UPDATED_AT, VERSION) VALUES('name12','name12@example.com','01/13/2002 04:56:30.439','password12','09/01/2014 04:56:30.434','09/01/2014 04:56:30.434',1)
13:  INSERT INTO T_USER(USER_NAME, USER_EMAIL, USER_BIRTH, USER_PASSWORD, CREATED_AT, UPDATED_AT, VERSION) VALUES('name13','name13@example.com','02/14/2003 04:56:30.439','password13','09/01/2014 04:56:30.434','09/01/2014 04:56:30.434',1)
14:  INSERT INTO T_USER(USER_NAME, USER_EMAIL, USER_BIRTH, USER_PASSWORD, CREATED_AT, UPDATED_AT, VERSION) VALUES('name14','name14@example.com','03/15/2004 04:56:30.439','password14','09/01/2014 04:56:30.434','09/01/2014 04:56:30.434',1)
15:  INSERT INTO T_USER(USER_NAME, USER_EMAIL, USER_BIRTH, USER_PASSWORD, CREATED_AT, UPDATED_AT, VERSION) VALUES('name15','name15@example.com','04/16/2005 04:56:30.439','password15','09/01/2014 04:56:30.434','09/01/2014 04:56:30.434',1)
16:  INSERT INTO T_USER(USER_NAME, USER_EMAIL, USER_BIRTH, USER_PASSWORD, CREATED_AT, UPDATED_AT, VERSION) VALUES('name16','name16@example.com','05/17/2006 04:56:30.439','password16','09/01/2014 04:56:30.434','09/01/2014 04:56:30.434',1)
17:  INSERT INTO T_USER(USER_NAME, USER_EMAIL, USER_BIRTH, USER_PASSWORD, CREATED_AT, UPDATED_AT, VERSION) VALUES('name17','name17@example.com','06/18/2007 04:56:30.439','password17','09/01/2014 04:56:30.434','09/01/2014 04:56:30.434',1)
18:  INSERT INTO T_USER(USER_NAME, USER_EMAIL, USER_BIRTH, USER_PASSWORD, CREATED_AT, UPDATED_AT, VERSION) VALUES('name18','name18@example.com','07/19/2008 04:56:30.439','password18','09/01/2014 04:56:30.434','09/01/2014 04:56:30.434',1)
19:  INSERT INTO T_USER(USER_NAME, USER_EMAIL, USER_BIRTH, USER_PASSWORD, CREATED_AT, UPDATED_AT, VERSION) VALUES('name19','name19@example.com','08/20/2009 04:56:30.439','password19','09/01/2014 04:56:30.434','09/01/2014 04:56:30.434',1) {executed in 3 msec}
date:2014-09-01 04:56:30	thread:main	level:DEBUG	logger:jdbc.sqltiming                                  	msg: org.hibernate.engine.jdbc.internal.ResultSetReturnImpl.executeUpdate(ResultSetReturnImpl.java:133)
4. /* insert jp.isakmp2spring.booklist.domain.model.User */ insert into t_user (user_id, user_birth, created_at, user_email, user_name, user_password, updated_at, version) values (null, '09/01/2014 04:56:30.459', '09/01/2014 04:56:30.434', 'foo@example.com', 'foo', 'foo', '09/01/2014 04:56:30.434', 0) {executed in 1 msec}
date:2014-09-01 04:56:30	thread:main	level:DEBUG	logger:jdbc.sqltiming                                  	msg: org.springframework.jdbc.core.JdbcTemplate$1.doInPreparedStatement(JdbcTemplate.java:646)
4. SELECT * FROM T_USER WHERE USER_ID = 46 {executed in 0 msec}
date:2014-09-01 04:56:30	thread:main	level:DEBUG	logger:o.h.e.transaction.spi.AbstractTransactionImpl   	msg:rolling back
date:2014-09-01 04:56:30	thread:main	level:DEBUG	logger:o.h.e.transaction.internal.jdbc.JdbcTransaction 	msg:rolled JDBC Connection
date:2014-09-01 05:00:54	thread:main	level:INFO 	logger:o.s.c.s.PropertySourcesPlaceholderConfigurer    	msg:Loading properties file from file [/Users/macapple/Documents/workspace-sts-3.5.1.RELEASE/SpringBookList/target/classes/META-INF/spring/application.properties]
date:2014-09-01 05:00:54	thread:main	level:INFO 	logger:o.s.c.s.PropertySourcesPlaceholderConfigurer    	msg:Loading properties file from file [/Users/macapple/Documents/workspace-sts-3.5.1.RELEASE/SpringBookList/target/classes/META-INF/spring/SpringBookList-infra.properties]
date:2014-09-01 05:00:56	thread:main	level:INFO 	logger:o.h.e.t.internal.TransactionFactoryInitiator    	msg:HHH000268: Transaction strategy: org.hibernate.engine.transaction.internal.jdbc.JdbcTransactionFactory
date:2014-09-01 05:00:57	thread:main	level:DEBUG	logger:jdbc.sqltiming                                  	msg: org.springframework.jdbc.datasource.init.ResourceDatabasePopulator.executeSqlScript(ResourceDatabasePopulator.java:186)
2. CREATE TABLE IF NOT EXISTS t_user (user_id integer GENERATED BY DEFAULT AS IDENTITY, user_birth date NOT NULL, created_at TIMESTAMP NOT NULL, user_email varchar(64) NOT NULL, user_name varchar(255) NOT NULL, user_password varchar(255) NOT NULL, updated_at TIMESTAMP NOT NULL, VERSION integer NOT NULL, PRIMARY KEY (user_id)) {executed in 12 msec}
date:2014-09-01 05:00:57	thread:main	level:DEBUG	logger:jdbc.sqltiming                                  	msg: org.springframework.jdbc.datasource.init.ResourceDatabasePopulator.executeSqlScript(ResourceDatabasePopulator.java:186)
2. ALTER TABLE t_user ADD CONSTRAINT uk_user_email UNIQUE (user_email) {executed in 1 msec}
date:2014-09-01 05:00:57	thread:main	level:DEBUG	logger:jdbc.sqltiming                                  	msg: org.springframework.jdbc.datasource.init.ResourceDatabasePopulator.executeSqlScript(ResourceDatabasePopulator.java:186)
2. INSERT INTO T_USER(USER_NAME, USER_EMAIL, USER_BIRTH, USER_PASSWORD, CREATED_AT, UPDATED_AT, VERSION) VALUES('name0', 'name0@example.com' ,'2000-01-01','password0','2012-10-13 00:00:00','2012-10-13 00:00:00',0) {executed in 7 msec}
date:2014-09-01 05:00:57	thread:main	level:DEBUG	logger:jdbc.sqltiming                                  	msg: org.springframework.jdbc.datasource.init.ResourceDatabasePopulator.executeSqlScript(ResourceDatabasePopulator.java:186)
2. INSERT INTO T_USER(USER_NAME, USER_EMAIL, USER_BIRTH, USER_PASSWORD, CREATED_AT, UPDATED_AT, VERSION) VALUES('name1', 'name1@example.com' ,'2000-01-01','password1','2012-10-13 00:00:00','2012-10-13 00:00:00',0) {executed in 0 msec}
date:2014-09-01 05:00:57	thread:main	level:DEBUG	logger:jdbc.sqltiming                                  	msg: org.springframework.jdbc.datasource.init.ResourceDatabasePopulator.executeSqlScript(ResourceDatabasePopulator.java:186)
2. INSERT INTO T_USER(USER_NAME, USER_EMAIL, USER_BIRTH, USER_PASSWORD, CREATED_AT, UPDATED_AT, VERSION) VALUES('name2', 'name2@example.com' ,'2000-01-01','password2','2012-10-13 00:00:00','2012-10-13 00:00:00',0) {executed in 4 msec}
date:2014-09-01 05:00:57	thread:main	level:DEBUG	logger:jdbc.sqltiming                                  	msg: org.springframework.jdbc.datasource.init.ResourceDatabasePopulator.executeSqlScript(ResourceDatabasePopulator.java:186)
2. INSERT INTO T_USER(USER_NAME, USER_EMAIL, USER_BIRTH, USER_PASSWORD, CREATED_AT, UPDATED_AT, VERSION) VALUES('name3', 'name3@example.com' ,'2000-01-01','password3','2012-10-13 00:00:00','2012-10-13 00:00:00',0) {executed in 1 msec}
date:2014-09-01 05:00:57	thread:main	level:DEBUG	logger:jdbc.sqltiming                                  	msg: org.springframework.jdbc.datasource.init.ResourceDatabasePopulator.executeSqlScript(ResourceDatabasePopulator.java:186)
2. INSERT INTO T_USER(USER_NAME, USER_EMAIL, USER_BIRTH, USER_PASSWORD, CREATED_AT, UPDATED_AT, VERSION) VALUES('name4', 'name4@example.com' ,'2000-01-01','password4','2012-10-13 00:00:00','2012-10-13 00:00:00',0) {executed in 1 msec}
date:2014-09-01 05:00:57	thread:main	level:DEBUG	logger:jdbc.sqltiming                                  	msg: org.springframework.jdbc.datasource.init.ResourceDatabasePopulator.executeSqlScript(ResourceDatabasePopulator.java:186)
2. commit {executed in 1 msec}
date:2014-09-01 05:00:57	thread:main	level:WARN 	logger:org.dozer.config.GlobalSettings                 	msg:Dozer configuration file not found: dozer.properties.  Using defaults for all Dozer global properties.
date:2014-09-01 05:00:58	thread:main	level:DEBUG	logger:o.h.e.transaction.spi.AbstractTransactionImpl   	msg:begin
date:2014-09-01 05:00:58	thread:main	level:DEBUG	logger:o.h.e.transaction.internal.jdbc.JdbcTransaction 	msg:initial autocommit status: false
date:2014-09-01 05:00:58	thread:main	level:DEBUG	logger:jdbc.sqltiming                                  	msg: org.springframework.jdbc.core.JdbcTemplate$1ExecuteStatementCallback.doInStatement(JdbcTemplate.java:421)
3. DELETE FROM T_USER {executed in 3 msec}
date:2014-09-01 05:00:58	thread:main	level:DEBUG	logger:jdbc.sqltiming                                  	msg: org.springframework.jdbc.core.JdbcTemplate$4.doInPreparedStatement(JdbcTemplate.java:905)
3. batching 20 statements:
 0:  INSERT INTO T_USER(USER_NAME, USER_EMAIL, USER_BIRTH, USER_PASSWORD, CREATED_AT, UPDATED_AT, VERSION) VALUES('name0','name0@example.com','01/01/1990 05:00:58.342','password0','09/01/2014 05:00:53.361','09/01/2014 05:00:53.361',1)
 1:  INSERT INTO T_USER(USER_NAME, USER_EMAIL, USER_BIRTH, USER_PASSWORD, CREATED_AT, UPDATED_AT, VERSION) VALUES('name1','name1@example.com','02/02/1991 05:00:58.344','password1','09/01/2014 05:00:53.361','09/01/2014 05:00:53.361',1)
 2:  INSERT INTO T_USER(USER_NAME, USER_EMAIL, USER_BIRTH, USER_PASSWORD, CREATED_AT, UPDATED_AT, VERSION) VALUES('name2','name2@example.com','03/03/1992 05:00:58.344','password2','09/01/2014 05:00:53.361','09/01/2014 05:00:53.361',1)
 3:  INSERT INTO T_USER(USER_NAME, USER_EMAIL, USER_BIRTH, USER_PASSWORD, CREATED_AT, UPDATED_AT, VERSION) VALUES('name3','name3@example.com','04/04/1993 05:00:58.344','password3','09/01/2014 05:00:53.361','09/01/2014 05:00:53.361',1)
 4:  INSERT INTO T_USER(USER_NAME, USER_EMAIL, USER_BIRTH, USER_PASSWORD, CREATED_AT, UPDATED_AT, VERSION) VALUES('name4','name4@example.com','05/05/1994 05:00:58.344','password4','09/01/2014 05:00:53.361','09/01/2014 05:00:53.361',1)
 5:  INSERT INTO T_USER(USER_NAME, USER_EMAIL, USER_BIRTH, USER_PASSWORD, CREATED_AT, UPDATED_AT, VERSION) VALUES('name5','name5@example.com','06/06/1995 05:00:58.344','password5','09/01/2014 05:00:53.361','09/01/2014 05:00:53.361',1)
 6:  INSERT INTO T_USER(USER_NAME, USER_EMAIL, USER_BIRTH, USER_PASSWORD, CREATED_AT, UPDATED_AT, VERSION) VALUES('name6','name6@example.com','07/07/1996 05:00:58.344','password6','09/01/2014 05:00:53.361','09/01/2014 05:00:53.361',1)
 7:  INSERT INTO T_USER(USER_NAME, USER_EMAIL, USER_BIRTH, USER_PASSWORD, CREATED_AT, UPDATED_AT, VERSION) VALUES('name7','name7@example.com','08/08/1997 05:00:58.344','password7','09/01/2014 05:00:53.361','09/01/2014 05:00:53.361',1)
 8:  INSERT INTO T_USER(USER_NAME, USER_EMAIL, USER_BIRTH, USER_PASSWORD, CREATED_AT, UPDATED_AT, VERSION) VALUES('name8','name8@example.com','09/09/1998 05:00:58.344','password8','09/01/2014 05:00:53.361','09/01/2014 05:00:53.361',1)
 9:  INSERT INTO T_USER(USER_NAME, USER_EMAIL, USER_BIRTH, USER_PASSWORD, CREATED_AT, UPDATED_AT, VERSION) VALUES('name9','name9@example.com','10/10/1999 05:00:58.344','password9','09/01/2014 05:00:53.361','09/01/2014 05:00:53.361',1)
10:  INSERT INTO T_USER(USER_NAME, USER_EMAIL, USER_BIRTH, USER_PASSWORD, CREATED_AT, UPDATED_AT, VERSION) VALUES('name10','name10@example.com','11/11/2000 05:00:58.344','password10','09/01/2014 05:00:53.361','09/01/2014 05:00:53.361',1)
11:  INSERT INTO T_USER(USER_NAME, USER_EMAIL, USER_BIRTH, USER_PASSWORD, CREATED_AT, UPDATED_AT, VERSION) VALUES('name11','name11@example.com','12/12/2001 05:00:58.344','password11','09/01/2014 05:00:53.361','09/01/2014 05:00:53.361',1)
12:  INSERT INTO T_USER(USER_NAME, USER_EMAIL, USER_BIRTH, USER_PASSWORD, CREATED_AT, UPDATED_AT, VERSION) VALUES('name12','name12@example.com','01/13/2002 05:00:58.344','password12','09/01/2014 05:00:53.361','09/01/2014 05:00:53.361',1)
13:  INSERT INTO T_USER(USER_NAME, USER_EMAIL, USER_BIRTH, USER_PASSWORD, CREATED_AT, UPDATED_AT, VERSION) VALUES('name13','name13@example.com','02/14/2003 05:00:58.344','password13','09/01/2014 05:00:53.361','09/01/2014 05:00:53.361',1)
14:  INSERT INTO T_USER(USER_NAME, USER_EMAIL, USER_BIRTH, USER_PASSWORD, CREATED_AT, UPDATED_AT, VERSION) VALUES('name14','name14@example.com','03/15/2004 05:00:58.344','password14','09/01/2014 05:00:53.361','09/01/2014 05:00:53.361',1)
15:  INSERT INTO T_USER(USER_NAME, USER_EMAIL, USER_BIRTH, USER_PASSWORD, CREATED_AT, UPDATED_AT, VERSION) VALUES('name15','name15@example.com','04/16/2005 05:00:58.345','password15','09/01/2014 05:00:53.361','09/01/2014 05:00:53.361',1)
16:  INSERT INTO T_USER(USER_NAME, USER_EMAIL, USER_BIRTH, USER_PASSWORD, CREATED_AT, UPDATED_AT, VERSION) VALUES('name16','name16@example.com','05/17/2006 05:00:58.345','password16','09/01/2014 05:00:53.361','09/01/2014 05:00:53.361',1)
17:  INSERT INTO T_USER(USER_NAME, USER_EMAIL, USER_BIRTH, USER_PASSWORD, CREATED_AT, UPDATED_AT, VERSION) VALUES('name17','name17@example.com','06/18/2007 05:00:58.345','password17','09/01/2014 05:00:53.361','09/01/2014 05:00:53.361',1)
18:  INSERT INTO T_USER(USER_NAME, USER_EMAIL, USER_BIRTH, USER_PASSWORD, CREATED_AT, UPDATED_AT, VERSION) VALUES('name18','name18@example.com','07/19/2008 05:00:58.345','password18','09/01/2014 05:00:53.361','09/01/2014 05:00:53.361',1)
19:  INSERT INTO T_USER(USER_NAME, USER_EMAIL, USER_BIRTH, USER_PASSWORD, CREATED_AT, UPDATED_AT, VERSION) VALUES('name19','name19@example.com','08/20/2009 05:00:58.345','password19','09/01/2014 05:00:53.361','09/01/2014 05:00:53.361',1) {executed in 3 msec}
date:2014-09-01 05:00:58	thread:main	level:DEBUG	logger:jdbc.sqltiming                                  	msg: org.hibernate.engine.jdbc.internal.ResultSetReturnImpl.extract(ResultSetReturnImpl.java:56)
3. /* SELECT COUNT(x) FROM User x WHERE x.name LIKE :name */ select count(user0_.user_id) as col_0_0_ from t_user user0_ where user0_.user_name like 'name1%%' {executed in 11 msec}
date:2014-09-01 05:00:58	thread:main	level:DEBUG	logger:jdbc.sqltiming                                  	msg: org.hibernate.engine.jdbc.internal.ResultSetReturnImpl.extract(ResultSetReturnImpl.java:56)
3. /* SELECT x FROM User x WHERE x.name LIKE :name ORDER BY x.id */ select user0_.user_id as user_id1_0_, user0_.user_birth as user_bir2_0_, user0_.created_at as created_3_0_, user0_.user_email as user_ema4_0_, user0_.user_name as user_nam5_0_, user0_.user_password as user_pas6_0_, user0_.updated_at as updated_7_0_, user0_.version as version8_0_ from t_user user0_ where user0_.user_name like 'name1%%' order by user0_.user_id limit 3 offset 3 {executed in 1 msec}
date:2014-09-01 05:00:58	thread:main	level:DEBUG	logger:o.h.e.transaction.spi.AbstractTransactionImpl   	msg:rolling back
date:2014-09-01 05:00:58	thread:main	level:DEBUG	logger:o.h.e.transaction.internal.jdbc.JdbcTransaction 	msg:rolled JDBC Connection
date:2014-09-01 05:00:58	thread:main	level:DEBUG	logger:o.h.e.transaction.spi.AbstractTransactionImpl   	msg:begin
date:2014-09-01 05:00:58	thread:main	level:DEBUG	logger:o.h.e.transaction.internal.jdbc.JdbcTransaction 	msg:initial autocommit status: false
date:2014-09-01 05:00:58	thread:main	level:DEBUG	logger:jdbc.sqltiming                                  	msg: org.springframework.jdbc.core.JdbcTemplate$1ExecuteStatementCallback.doInStatement(JdbcTemplate.java:421)
4. DELETE FROM T_USER {executed in 0 msec}
date:2014-09-01 05:00:58	thread:main	level:DEBUG	logger:jdbc.sqltiming                                  	msg: org.springframework.jdbc.core.JdbcTemplate$4.doInPreparedStatement(JdbcTemplate.java:905)
4. batching 20 statements:
 0:  INSERT INTO T_USER(USER_NAME, USER_EMAIL, USER_BIRTH, USER_PASSWORD, CREATED_AT, UPDATED_AT, VERSION) VALUES('name0','name0@example.com','01/01/1990 05:00:58.491','password0','09/01/2014 05:00:58.488','09/01/2014 05:00:58.488',1)
 1:  INSERT INTO T_USER(USER_NAME, USER_EMAIL, USER_BIRTH, USER_PASSWORD, CREATED_AT, UPDATED_AT, VERSION) VALUES('name1','name1@example.com','02/02/1991 05:00:58.491','password1','09/01/2014 05:00:58.488','09/01/2014 05:00:58.488',1)
 2:  INSERT INTO T_USER(USER_NAME, USER_EMAIL, USER_BIRTH, USER_PASSWORD, CREATED_AT, UPDATED_AT, VERSION) VALUES('name2','name2@example.com','03/03/1992 05:00:58.491','password2','09/01/2014 05:00:58.488','09/01/2014 05:00:58.488',1)
 3:  INSERT INTO T_USER(USER_NAME, USER_EMAIL, USER_BIRTH, USER_PASSWORD, CREATED_AT, UPDATED_AT, VERSION) VALUES('name3','name3@example.com','04/04/1993 05:00:58.491','password3','09/01/2014 05:00:58.488','09/01/2014 05:00:58.488',1)
 4:  INSERT INTO T_USER(USER_NAME, USER_EMAIL, USER_BIRTH, USER_PASSWORD, CREATED_AT, UPDATED_AT, VERSION) VALUES('name4','name4@example.com','05/05/1994 05:00:58.491','password4','09/01/2014 05:00:58.488','09/01/2014 05:00:58.488',1)
 5:  INSERT INTO T_USER(USER_NAME, USER_EMAIL, USER_BIRTH, USER_PASSWORD, CREATED_AT, UPDATED_AT, VERSION) VALUES('name5','name5@example.com','06/06/1995 05:00:58.491','password5','09/01/2014 05:00:58.488','09/01/2014 05:00:58.488',1)
 6:  INSERT INTO T_USER(USER_NAME, USER_EMAIL, USER_BIRTH, USER_PASSWORD, CREATED_AT, UPDATED_AT, VERSION) VALUES('name6','name6@example.com','07/07/1996 05:00:58.491','password6','09/01/2014 05:00:58.488','09/01/2014 05:00:58.488',1)
 7:  INSERT INTO T_USER(USER_NAME, USER_EMAIL, USER_BIRTH, USER_PASSWORD, CREATED_AT, UPDATED_AT, VERSION) VALUES('name7','name7@example.com','08/08/1997 05:00:58.491','password7','09/01/2014 05:00:58.488','09/01/2014 05:00:58.488',1)
 8:  INSERT INTO T_USER(USER_NAME, USER_EMAIL, USER_BIRTH, USER_PASSWORD, CREATED_AT, UPDATED_AT, VERSION) VALUES('name8','name8@example.com','09/09/1998 05:00:58.491','password8','09/01/2014 05:00:58.488','09/01/2014 05:00:58.488',1)
 9:  INSERT INTO T_USER(USER_NAME, USER_EMAIL, USER_BIRTH, USER_PASSWORD, CREATED_AT, UPDATED_AT, VERSION) VALUES('name9','name9@example.com','10/10/1999 05:00:58.491','password9','09/01/2014 05:00:58.488','09/01/2014 05:00:58.488',1)
10:  INSERT INTO T_USER(USER_NAME, USER_EMAIL, USER_BIRTH, USER_PASSWORD, CREATED_AT, UPDATED_AT, VERSION) VALUES('name10','name10@example.com','11/11/2000 05:00:58.491','password10','09/01/2014 05:00:58.488','09/01/2014 05:00:58.488',1)
11:  INSERT INTO T_USER(USER_NAME, USER_EMAIL, USER_BIRTH, USER_PASSWORD, CREATED_AT, UPDATED_AT, VERSION) VALUES('name11','name11@example.com','12/12/2001 05:00:58.491','password11','09/01/2014 05:00:58.488','09/01/2014 05:00:58.488',1)
12:  INSERT INTO T_USER(USER_NAME, USER_EMAIL, USER_BIRTH, USER_PASSWORD, CREATED_AT, UPDATED_AT, VERSION) VALUES('name12','name12@example.com','01/13/2002 05:00:58.491','password12','09/01/2014 05:00:58.488','09/01/2014 05:00:58.488',1)
13:  INSERT INTO T_USER(USER_NAME, USER_EMAIL, USER_BIRTH, USER_PASSWORD, CREATED_AT, UPDATED_AT, VERSION) VALUES('name13','name13@example.com','02/14/2003 05:00:58.491','password13','09/01/2014 05:00:58.488','09/01/2014 05:00:58.488',1)
14:  INSERT INTO T_USER(USER_NAME, USER_EMAIL, USER_BIRTH, USER_PASSWORD, CREATED_AT, UPDATED_AT, VERSION) VALUES('name14','name14@example.com','03/15/2004 05:00:58.491','password14','09/01/2014 05:00:58.488','09/01/2014 05:00:58.488',1)
15:  INSERT INTO T_USER(USER_NAME, USER_EMAIL, USER_BIRTH, USER_PASSWORD, CREATED_AT, UPDATED_AT, VERSION) VALUES('name15','name15@example.com','04/16/2005 05:00:58.491','password15','09/01/2014 05:00:58.488','09/01/2014 05:00:58.488',1)
16:  INSERT INTO T_USER(USER_NAME, USER_EMAIL, USER_BIRTH, USER_PASSWORD, CREATED_AT, UPDATED_AT, VERSION) VALUES('name16','name16@example.com','05/17/2006 05:00:58.491','password16','09/01/2014 05:00:58.488','09/01/2014 05:00:58.488',1)
17:  INSERT INTO T_USER(USER_NAME, USER_EMAIL, USER_BIRTH, USER_PASSWORD, CREATED_AT, UPDATED_AT, VERSION) VALUES('name17','name17@example.com','06/18/2007 05:00:58.491','password17','09/01/2014 05:00:58.488','09/01/2014 05:00:58.488',1)
18:  INSERT INTO T_USER(USER_NAME, USER_EMAIL, USER_BIRTH, USER_PASSWORD, CREATED_AT, UPDATED_AT, VERSION) VALUES('name18','name18@example.com','07/19/2008 05:00:58.491','password18','09/01/2014 05:00:58.488','09/01/2014 05:00:58.488',1)
19:  INSERT INTO T_USER(USER_NAME, USER_EMAIL, USER_BIRTH, USER_PASSWORD, CREATED_AT, UPDATED_AT, VERSION) VALUES('name19','name19@example.com','08/20/2009 05:00:58.492','password19','09/01/2014 05:00:58.488','09/01/2014 05:00:58.488',1) {executed in 2 msec}
date:2014-09-01 05:00:58	thread:main	level:DEBUG	logger:jdbc.sqltiming                                  	msg: org.hibernate.engine.jdbc.internal.ResultSetReturnImpl.executeUpdate(ResultSetReturnImpl.java:133)
4. /* insert jp.isakmp2spring.booklist.domain.model.User */ insert into t_user (user_id, user_birth, created_at, user_email, user_name, user_password, updated_at, version) values (null, '09/01/2014 05:00:58.510', '09/01/2014 05:00:58.488', 'foo@example.com', 'foo', 'foo', '09/01/2014 05:00:58.488', 0) {executed in 0 msec}
date:2014-09-01 05:00:58	thread:main	level:DEBUG	logger:jdbc.sqltiming                                  	msg: org.springframework.jdbc.core.JdbcTemplate$1.doInPreparedStatement(JdbcTemplate.java:646)
4. SELECT * FROM T_USER WHERE USER_ID = 46 {executed in 0 msec}
date:2014-09-01 05:00:58	thread:main	level:DEBUG	logger:o.h.e.transaction.spi.AbstractTransactionImpl   	msg:rolling back
date:2014-09-01 05:00:58	thread:main	level:DEBUG	logger:o.h.e.transaction.internal.jdbc.JdbcTransaction 	msg:rolled JDBC Connection
date:2014-09-01 22:43:22	thread:main	level:INFO 	logger:o.s.c.s.PropertySourcesPlaceholderConfigurer    	msg:Loading properties file from file [/Users/macapple/Documents/workspace-sts-3.5.1.RELEASE/SpringBookList/target/classes/META-INF/spring/application.properties]
date:2014-09-01 22:43:22	thread:main	level:INFO 	logger:o.s.c.s.PropertySourcesPlaceholderConfigurer    	msg:Loading properties file from file [/Users/macapple/Documents/workspace-sts-3.5.1.RELEASE/SpringBookList/target/classes/META-INF/spring/SpringBookList-infra.properties]
date:2014-09-01 22:43:24	thread:main	level:INFO 	logger:o.h.e.t.internal.TransactionFactoryInitiator    	msg:HHH000268: Transaction strategy: org.hibernate.engine.transaction.internal.jdbc.JdbcTransactionFactory
date:2014-09-01 22:43:25	thread:main	level:DEBUG	logger:jdbc.sqltiming                                  	msg: org.springframework.jdbc.datasource.init.ResourceDatabasePopulator.executeSqlScript(ResourceDatabasePopulator.java:186)
2. CREATE TABLE IF NOT EXISTS t_user (user_id integer GENERATED BY DEFAULT AS IDENTITY, user_birth date NOT NULL, created_at TIMESTAMP NOT NULL, user_email varchar(64) NOT NULL, user_name varchar(255) NOT NULL, user_password varchar(255) NOT NULL, updated_at TIMESTAMP NOT NULL, VERSION integer NOT NULL, PRIMARY KEY (user_id)) {executed in 11 msec}
date:2014-09-01 22:43:25	thread:main	level:DEBUG	logger:jdbc.sqltiming                                  	msg: org.springframework.jdbc.datasource.init.ResourceDatabasePopulator.executeSqlScript(ResourceDatabasePopulator.java:186)
2. ALTER TABLE t_user ADD CONSTRAINT uk_user_email UNIQUE (user_email) {executed in 1 msec}
date:2014-09-01 22:43:25	thread:main	level:DEBUG	logger:jdbc.sqltiming                                  	msg: org.springframework.jdbc.datasource.init.ResourceDatabasePopulator.executeSqlScript(ResourceDatabasePopulator.java:186)
2. INSERT INTO T_USER(USER_NAME, USER_EMAIL, USER_BIRTH, USER_PASSWORD, CREATED_AT, UPDATED_AT, VERSION) VALUES('name0', 'name0@example.com' ,'2000-01-01','password0','2012-10-13 00:00:00','2012-10-13 00:00:00',0) {executed in 7 msec}
date:2014-09-01 22:43:25	thread:main	level:DEBUG	logger:jdbc.sqltiming                                  	msg: org.springframework.jdbc.datasource.init.ResourceDatabasePopulator.executeSqlScript(ResourceDatabasePopulator.java:186)
2. INSERT INTO T_USER(USER_NAME, USER_EMAIL, USER_BIRTH, USER_PASSWORD, CREATED_AT, UPDATED_AT, VERSION) VALUES('name1', 'name1@example.com' ,'2000-01-01','password1','2012-10-13 00:00:00','2012-10-13 00:00:00',0) {executed in 1 msec}
date:2014-09-01 22:43:25	thread:main	level:DEBUG	logger:jdbc.sqltiming                                  	msg: org.springframework.jdbc.datasource.init.ResourceDatabasePopulator.executeSqlScript(ResourceDatabasePopulator.java:186)
2. INSERT INTO T_USER(USER_NAME, USER_EMAIL, USER_BIRTH, USER_PASSWORD, CREATED_AT, UPDATED_AT, VERSION) VALUES('name2', 'name2@example.com' ,'2000-01-01','password2','2012-10-13 00:00:00','2012-10-13 00:00:00',0) {executed in 1 msec}
date:2014-09-01 22:43:25	thread:main	level:DEBUG	logger:jdbc.sqltiming                                  	msg: org.springframework.jdbc.datasource.init.ResourceDatabasePopulator.executeSqlScript(ResourceDatabasePopulator.java:186)
2. INSERT INTO T_USER(USER_NAME, USER_EMAIL, USER_BIRTH, USER_PASSWORD, CREATED_AT, UPDATED_AT, VERSION) VALUES('name3', 'name3@example.com' ,'2000-01-01','password3','2012-10-13 00:00:00','2012-10-13 00:00:00',0) {executed in 1 msec}
date:2014-09-01 22:43:25	thread:main	level:DEBUG	logger:jdbc.sqltiming                                  	msg: org.springframework.jdbc.datasource.init.ResourceDatabasePopulator.executeSqlScript(ResourceDatabasePopulator.java:186)
2. INSERT INTO T_USER(USER_NAME, USER_EMAIL, USER_BIRTH, USER_PASSWORD, CREATED_AT, UPDATED_AT, VERSION) VALUES('name4', 'name4@example.com' ,'2000-01-01','password4','2012-10-13 00:00:00','2012-10-13 00:00:00',0) {executed in 1 msec}
date:2014-09-01 22:43:25	thread:main	level:DEBUG	logger:jdbc.sqltiming                                  	msg: org.springframework.jdbc.datasource.init.ResourceDatabasePopulator.executeSqlScript(ResourceDatabasePopulator.java:186)
2. commit {executed in 0 msec}
date:2014-09-01 22:43:25	thread:main	level:WARN 	logger:org.dozer.config.GlobalSettings                 	msg:Dozer configuration file not found: dozer.properties.  Using defaults for all Dozer global properties.
date:2014-09-01 22:43:26	thread:main	level:DEBUG	logger:o.h.e.transaction.spi.AbstractTransactionImpl   	msg:begin
date:2014-09-01 22:43:26	thread:main	level:DEBUG	logger:o.h.e.transaction.internal.jdbc.JdbcTransaction 	msg:initial autocommit status: false
date:2014-09-01 22:43:26	thread:main	level:DEBUG	logger:jdbc.sqltiming                                  	msg: org.springframework.jdbc.core.JdbcTemplate$1ExecuteStatementCallback.doInStatement(JdbcTemplate.java:421)
3. DELETE FROM T_USER {executed in 3 msec}
date:2014-09-01 22:43:26	thread:main	level:DEBUG	logger:jdbc.sqltiming                                  	msg: org.springframework.jdbc.core.JdbcTemplate$4.doInPreparedStatement(JdbcTemplate.java:905)
3. batching 20 statements:
 0:  INSERT INTO T_USER(USER_NAME, USER_EMAIL, USER_BIRTH, USER_PASSWORD, CREATED_AT, UPDATED_AT, VERSION) VALUES('name0','name0@example.com','01/01/1990 22:43:26.204','password0','09/01/2014 22:43:21.186','09/01/2014 22:43:21.186',1)
 1:  INSERT INTO T_USER(USER_NAME, USER_EMAIL, USER_BIRTH, USER_PASSWORD, CREATED_AT, UPDATED_AT, VERSION) VALUES('name1','name1@example.com','02/02/1991 22:43:26.206','password1','09/01/2014 22:43:21.186','09/01/2014 22:43:21.186',1)
 2:  INSERT INTO T_USER(USER_NAME, USER_EMAIL, USER_BIRTH, USER_PASSWORD, CREATED_AT, UPDATED_AT, VERSION) VALUES('name2','name2@example.com','03/03/1992 22:43:26.206','password2','09/01/2014 22:43:21.186','09/01/2014 22:43:21.186',1)
 3:  INSERT INTO T_USER(USER_NAME, USER_EMAIL, USER_BIRTH, USER_PASSWORD, CREATED_AT, UPDATED_AT, VERSION) VALUES('name3','name3@example.com','04/04/1993 22:43:26.206','password3','09/01/2014 22:43:21.186','09/01/2014 22:43:21.186',1)
 4:  INSERT INTO T_USER(USER_NAME, USER_EMAIL, USER_BIRTH, USER_PASSWORD, CREATED_AT, UPDATED_AT, VERSION) VALUES('name4','name4@example.com','05/05/1994 22:43:26.206','password4','09/01/2014 22:43:21.186','09/01/2014 22:43:21.186',1)
 5:  INSERT INTO T_USER(USER_NAME, USER_EMAIL, USER_BIRTH, USER_PASSWORD, CREATED_AT, UPDATED_AT, VERSION) VALUES('name5','name5@example.com','06/06/1995 22:43:26.206','password5','09/01/2014 22:43:21.186','09/01/2014 22:43:21.186',1)
 6:  INSERT INTO T_USER(USER_NAME, USER_EMAIL, USER_BIRTH, USER_PASSWORD, CREATED_AT, UPDATED_AT, VERSION) VALUES('name6','name6@example.com','07/07/1996 22:43:26.206','password6','09/01/2014 22:43:21.186','09/01/2014 22:43:21.186',1)
 7:  INSERT INTO T_USER(USER_NAME, USER_EMAIL, USER_BIRTH, USER_PASSWORD, CREATED_AT, UPDATED_AT, VERSION) VALUES('name7','name7@example.com','08/08/1997 22:43:26.206','password7','09/01/2014 22:43:21.186','09/01/2014 22:43:21.186',1)
 8:  INSERT INTO T_USER(USER_NAME, USER_EMAIL, USER_BIRTH, USER_PASSWORD, CREATED_AT, UPDATED_AT, VERSION) VALUES('name8','name8@example.com','09/09/1998 22:43:26.206','password8','09/01/2014 22:43:21.186','09/01/2014 22:43:21.186',1)
 9:  INSERT INTO T_USER(USER_NAME, USER_EMAIL, USER_BIRTH, USER_PASSWORD, CREATED_AT, UPDATED_AT, VERSION) VALUES('name9','name9@example.com','10/10/1999 22:43:26.206','password9','09/01/2014 22:43:21.186','09/01/2014 22:43:21.186',1)
10:  INSERT INTO T_USER(USER_NAME, USER_EMAIL, USER_BIRTH, USER_PASSWORD, CREATED_AT, UPDATED_AT, VERSION) VALUES('name10','name10@example.com','11/11/2000 22:43:26.206','password10','09/01/2014 22:43:21.186','09/01/2014 22:43:21.186',1)
11:  INSERT INTO T_USER(USER_NAME, USER_EMAIL, USER_BIRTH, USER_PASSWORD, CREATED_AT, UPDATED_AT, VERSION) VALUES('name11','name11@example.com','12/12/2001 22:43:26.206','password11','09/01/2014 22:43:21.186','09/01/2014 22:43:21.186',1)
12:  INSERT INTO T_USER(USER_NAME, USER_EMAIL, USER_BIRTH, USER_PASSWORD, CREATED_AT, UPDATED_AT, VERSION) VALUES('name12','name12@example.com','01/13/2002 22:43:26.206','password12','09/01/2014 22:43:21.186','09/01/2014 22:43:21.186',1)
13:  INSERT INTO T_USER(USER_NAME, USER_EMAIL, USER_BIRTH, USER_PASSWORD, CREATED_AT, UPDATED_AT, VERSION) VALUES('name13','name13@example.com','02/14/2003 22:43:26.206','password13','09/01/2014 22:43:21.186','09/01/2014 22:43:21.186',1)
14:  INSERT INTO T_USER(USER_NAME, USER_EMAIL, USER_BIRTH, USER_PASSWORD, CREATED_AT, UPDATED_AT, VERSION) VALUES('name14','name14@example.com','03/15/2004 22:43:26.206','password14','09/01/2014 22:43:21.186','09/01/2014 22:43:21.186',1)
15:  INSERT INTO T_USER(USER_NAME, USER_EMAIL, USER_BIRTH, USER_PASSWORD, CREATED_AT, UPDATED_AT, VERSION) VALUES('name15','name15@example.com','04/16/2005 22:43:26.207','password15','09/01/2014 22:43:21.186','09/01/2014 22:43:21.186',1)
16:  INSERT INTO T_USER(USER_NAME, USER_EMAIL, USER_BIRTH, USER_PASSWORD, CREATED_AT, UPDATED_AT, VERSION) VALUES('name16','name16@example.com','05/17/2006 22:43:26.207','password16','09/01/2014 22:43:21.186','09/01/2014 22:43:21.186',1)
17:  INSERT INTO T_USER(USER_NAME, USER_EMAIL, USER_BIRTH, USER_PASSWORD, CREATED_AT, UPDATED_AT, VERSION) VALUES('name17','name17@example.com','06/18/2007 22:43:26.207','password17','09/01/2014 22:43:21.186','09/01/2014 22:43:21.186',1)
18:  INSERT INTO T_USER(USER_NAME, USER_EMAIL, USER_BIRTH, USER_PASSWORD, CREATED_AT, UPDATED_AT, VERSION) VALUES('name18','name18@example.com','07/19/2008 22:43:26.207','password18','09/01/2014 22:43:21.186','09/01/2014 22:43:21.186',1)
19:  INSERT INTO T_USER(USER_NAME, USER_EMAIL, USER_BIRTH, USER_PASSWORD, CREATED_AT, UPDATED_AT, VERSION) VALUES('name19','name19@example.com','08/20/2009 22:43:26.207','password19','09/01/2014 22:43:21.186','09/01/2014 22:43:21.186',1) {executed in 3 msec}
date:2014-09-01 22:43:26	thread:main	level:DEBUG	logger:jdbc.sqltiming                                  	msg: org.hibernate.engine.jdbc.internal.ResultSetReturnImpl.extract(ResultSetReturnImpl.java:56)
3. /* SELECT COUNT(x) FROM User x WHERE x.name LIKE :name */ select count(user0_.user_id) as col_0_0_ from t_user user0_ where user0_.user_name like 'name1%%' {executed in 9 msec}
date:2014-09-01 22:43:26	thread:main	level:DEBUG	logger:jdbc.sqltiming                                  	msg: org.hibernate.engine.jdbc.internal.ResultSetReturnImpl.extract(ResultSetReturnImpl.java:56)
3. /* SELECT x FROM User x WHERE x.name LIKE :name ORDER BY x.id */ select user0_.user_id as user_id1_0_, user0_.user_birth as user_bir2_0_, user0_.created_at as created_3_0_, user0_.user_email as user_ema4_0_, user0_.user_name as user_nam5_0_, user0_.user_password as user_pas6_0_, user0_.updated_at as updated_7_0_, user0_.version as version8_0_ from t_user user0_ where user0_.user_name like 'name1%%' order by user0_.user_id limit 3 offset 3 {executed in 1 msec}
date:2014-09-01 22:43:26	thread:main	level:DEBUG	logger:o.h.e.transaction.spi.AbstractTransactionImpl   	msg:rolling back
date:2014-09-01 22:43:26	thread:main	level:DEBUG	logger:o.h.e.transaction.internal.jdbc.JdbcTransaction 	msg:rolled JDBC Connection
date:2014-09-01 22:43:26	thread:main	level:DEBUG	logger:o.h.e.transaction.spi.AbstractTransactionImpl   	msg:begin
date:2014-09-01 22:43:26	thread:main	level:DEBUG	logger:o.h.e.transaction.internal.jdbc.JdbcTransaction 	msg:initial autocommit status: false
date:2014-09-01 22:43:26	thread:main	level:DEBUG	logger:jdbc.sqltiming                                  	msg: org.springframework.jdbc.core.JdbcTemplate$1ExecuteStatementCallback.doInStatement(JdbcTemplate.java:421)
4. DELETE FROM T_USER {executed in 0 msec}
date:2014-09-01 22:43:26	thread:main	level:DEBUG	logger:jdbc.sqltiming                                  	msg: org.springframework.jdbc.core.JdbcTemplate$4.doInPreparedStatement(JdbcTemplate.java:905)
4. batching 20 statements:
 0:  INSERT INTO T_USER(USER_NAME, USER_EMAIL, USER_BIRTH, USER_PASSWORD, CREATED_AT, UPDATED_AT, VERSION) VALUES('name0','name0@example.com','01/01/1990 22:43:26.391','password0','09/01/2014 22:43:26.386','09/01/2014 22:43:26.386',1)
 1:  INSERT INTO T_USER(USER_NAME, USER_EMAIL, USER_BIRTH, USER_PASSWORD, CREATED_AT, UPDATED_AT, VERSION) VALUES('name1','name1@example.com','02/02/1991 22:43:26.391','password1','09/01/2014 22:43:26.386','09/01/2014 22:43:26.386',1)
 2:  INSERT INTO T_USER(USER_NAME, USER_EMAIL, USER_BIRTH, USER_PASSWORD, CREATED_AT, UPDATED_AT, VERSION) VALUES('name2','name2@example.com','03/03/1992 22:43:26.391','password2','09/01/2014 22:43:26.386','09/01/2014 22:43:26.386',1)
 3:  INSERT INTO T_USER(USER_NAME, USER_EMAIL, USER_BIRTH, USER_PASSWORD, CREATED_AT, UPDATED_AT, VERSION) VALUES('name3','name3@example.com','04/04/1993 22:43:26.391','password3','09/01/2014 22:43:26.386','09/01/2014 22:43:26.386',1)
 4:  INSERT INTO T_USER(USER_NAME, USER_EMAIL, USER_BIRTH, USER_PASSWORD, CREATED_AT, UPDATED_AT, VERSION) VALUES('name4','name4@example.com','05/05/1994 22:43:26.391','password4','09/01/2014 22:43:26.386','09/01/2014 22:43:26.386',1)
 5:  INSERT INTO T_USER(USER_NAME, USER_EMAIL, USER_BIRTH, USER_PASSWORD, CREATED_AT, UPDATED_AT, VERSION) VALUES('name5','name5@example.com','06/06/1995 22:43:26.391','password5','09/01/2014 22:43:26.386','09/01/2014 22:43:26.386',1)
 6:  INSERT INTO T_USER(USER_NAME, USER_EMAIL, USER_BIRTH, USER_PASSWORD, CREATED_AT, UPDATED_AT, VERSION) VALUES('name6','name6@example.com','07/07/1996 22:43:26.391','password6','09/01/2014 22:43:26.386','09/01/2014 22:43:26.386',1)
 7:  INSERT INTO T_USER(USER_NAME, USER_EMAIL, USER_BIRTH, USER_PASSWORD, CREATED_AT, UPDATED_AT, VERSION) VALUES('name7','name7@example.com','08/08/1997 22:43:26.391','password7','09/01/2014 22:43:26.386','09/01/2014 22:43:26.386',1)
 8:  INSERT INTO T_USER(USER_NAME, USER_EMAIL, USER_BIRTH, USER_PASSWORD, CREATED_AT, UPDATED_AT, VERSION) VALUES('name8','name8@example.com','09/09/1998 22:43:26.392','password8','09/01/2014 22:43:26.386','09/01/2014 22:43:26.386',1)
 9:  INSERT INTO T_USER(USER_NAME, USER_EMAIL, USER_BIRTH, USER_PASSWORD, CREATED_AT, UPDATED_AT, VERSION) VALUES('name9','name9@example.com','10/10/1999 22:43:26.392','password9','09/01/2014 22:43:26.386','09/01/2014 22:43:26.386',1)
10:  INSERT INTO T_USER(USER_NAME, USER_EMAIL, USER_BIRTH, USER_PASSWORD, CREATED_AT, UPDATED_AT, VERSION) VALUES('name10','name10@example.com','11/11/2000 22:43:26.392','password10','09/01/2014 22:43:26.386','09/01/2014 22:43:26.386',1)
11:  INSERT INTO T_USER(USER_NAME, USER_EMAIL, USER_BIRTH, USER_PASSWORD, CREATED_AT, UPDATED_AT, VERSION) VALUES('name11','name11@example.com','12/12/2001 22:43:26.392','password11','09/01/2014 22:43:26.386','09/01/2014 22:43:26.386',1)
12:  INSERT INTO T_USER(USER_NAME, USER_EMAIL, USER_BIRTH, USER_PASSWORD, CREATED_AT, UPDATED_AT, VERSION) VALUES('name12','name12@example.com','01/13/2002 22:43:26.392','password12','09/01/2014 22:43:26.386','09/01/2014 22:43:26.386',1)
13:  INSERT INTO T_USER(USER_NAME, USER_EMAIL, USER_BIRTH, USER_PASSWORD, CREATED_AT, UPDATED_AT, VERSION) VALUES('name13','name13@example.com','02/14/2003 22:43:26.392','password13','09/01/2014 22:43:26.386','09/01/2014 22:43:26.386',1)
14:  INSERT INTO T_USER(USER_NAME, USER_EMAIL, USER_BIRTH, USER_PASSWORD, CREATED_AT, UPDATED_AT, VERSION) VALUES('name14','name14@example.com','03/15/2004 22:43:26.392','password14','09/01/2014 22:43:26.386','09/01/2014 22:43:26.386',1)
15:  INSERT INTO T_USER(USER_NAME, USER_EMAIL, USER_BIRTH, USER_PASSWORD, CREATED_AT, UPDATED_AT, VERSION) VALUES('name15','name15@example.com','04/16/2005 22:43:26.392','password15','09/01/2014 22:43:26.386','09/01/2014 22:43:26.386',1)
16:  INSERT INTO T_USER(USER_NAME, USER_EMAIL, USER_BIRTH, USER_PASSWORD, CREATED_AT, UPDATED_AT, VERSION) VALUES('name16','name16@example.com','05/17/2006 22:43:26.392','password16','09/01/2014 22:43:26.386','09/01/2014 22:43:26.386',1)
17:  INSERT INTO T_USER(USER_NAME, USER_EMAIL, USER_BIRTH, USER_PASSWORD, CREATED_AT, UPDATED_AT, VERSION) VALUES('name17','name17@example.com','06/18/2007 22:43:26.392','password17','09/01/2014 22:43:26.386','09/01/2014 22:43:26.386',1)
18:  INSERT INTO T_USER(USER_NAME, USER_EMAIL, USER_BIRTH, USER_PASSWORD, CREATED_AT, UPDATED_AT, VERSION) VALUES('name18','name18@example.com','07/19/2008 22:43:26.392','password18','09/01/2014 22:43:26.386','09/01/2014 22:43:26.386',1)
19:  INSERT INTO T_USER(USER_NAME, USER_EMAIL, USER_BIRTH, USER_PASSWORD, CREATED_AT, UPDATED_AT, VERSION) VALUES('name19','name19@example.com','08/20/2009 22:43:26.392','password19','09/01/2014 22:43:26.386','09/01/2014 22:43:26.386',1) {executed in 3 msec}
date:2014-09-01 22:43:26	thread:main	level:DEBUG	logger:jdbc.sqltiming                                  	msg: org.hibernate.engine.jdbc.internal.ResultSetReturnImpl.executeUpdate(ResultSetReturnImpl.java:133)
4. /* insert jp.isakmp2spring.booklist.domain.model.User */ insert into t_user (user_id, user_birth, created_at, user_email, user_name, user_password, updated_at, version) values (null, '09/01/2014 22:43:26.414', '09/01/2014 22:43:26.386', 'foo@example.com', 'foo', 'foo', '09/01/2014 22:43:26.386', 0) {executed in 0 msec}
date:2014-09-01 22:43:26	thread:main	level:DEBUG	logger:jdbc.sqltiming                                  	msg: org.springframework.jdbc.core.JdbcTemplate$1.doInPreparedStatement(JdbcTemplate.java:646)
4. SELECT * FROM T_USER WHERE USER_ID = 46 {executed in 0 msec}
date:2014-09-01 22:43:26	thread:main	level:DEBUG	logger:o.h.e.transaction.spi.AbstractTransactionImpl   	msg:rolling back
date:2014-09-01 22:43:26	thread:main	level:DEBUG	logger:o.h.e.transaction.internal.jdbc.JdbcTransaction 	msg:rolled JDBC Connection
date:2014-09-01 22:44:56	thread:main	level:INFO 	logger:o.s.c.s.PropertySourcesPlaceholderConfigurer    	msg:Loading properties file from file [/Users/macapple/Documents/workspace-sts-3.5.1.RELEASE/SpringBookList/target/classes/META-INF/spring/application.properties]
date:2014-09-01 22:44:56	thread:main	level:INFO 	logger:o.s.c.s.PropertySourcesPlaceholderConfigurer    	msg:Loading properties file from file [/Users/macapple/Documents/workspace-sts-3.5.1.RELEASE/SpringBookList/target/classes/META-INF/spring/SpringBookList-infra.properties]
date:2014-09-01 22:44:58	thread:main	level:INFO 	logger:o.h.e.t.internal.TransactionFactoryInitiator    	msg:HHH000268: Transaction strategy: org.hibernate.engine.transaction.internal.jdbc.JdbcTransactionFactory
date:2014-09-01 22:44:59	thread:main	level:DEBUG	logger:jdbc.sqltiming                                  	msg: org.springframework.jdbc.datasource.init.ResourceDatabasePopulator.executeSqlScript(ResourceDatabasePopulator.java:186)
2. CREATE TABLE IF NOT EXISTS t_user (user_id integer GENERATED BY DEFAULT AS IDENTITY, user_birth date NOT NULL, created_at TIMESTAMP NOT NULL, user_email varchar(64) NOT NULL, user_name varchar(255) NOT NULL, user_password varchar(255) NOT NULL, updated_at TIMESTAMP NOT NULL, VERSION integer NOT NULL, PRIMARY KEY (user_id)) {executed in 11 msec}
date:2014-09-01 22:44:59	thread:main	level:DEBUG	logger:jdbc.sqltiming                                  	msg: org.springframework.jdbc.datasource.init.ResourceDatabasePopulator.executeSqlScript(ResourceDatabasePopulator.java:186)
2. ALTER TABLE t_user ADD CONSTRAINT uk_user_email UNIQUE (user_email) {executed in 0 msec}
date:2014-09-01 22:44:59	thread:main	level:DEBUG	logger:jdbc.sqltiming                                  	msg: org.springframework.jdbc.datasource.init.ResourceDatabasePopulator.executeSqlScript(ResourceDatabasePopulator.java:186)
2. INSERT INTO T_USER(USER_NAME, USER_EMAIL, USER_BIRTH, USER_PASSWORD, CREATED_AT, UPDATED_AT, VERSION) VALUES('name0', 'name0@example.com' ,'2000-01-01','password0','2012-10-13 00:00:00','2012-10-13 00:00:00',0) {executed in 6 msec}
date:2014-09-01 22:44:59	thread:main	level:DEBUG	logger:jdbc.sqltiming                                  	msg: org.springframework.jdbc.datasource.init.ResourceDatabasePopulator.executeSqlScript(ResourceDatabasePopulator.java:186)
2. INSERT INTO T_USER(USER_NAME, USER_EMAIL, USER_BIRTH, USER_PASSWORD, CREATED_AT, UPDATED_AT, VERSION) VALUES('name1', 'name1@example.com' ,'2000-01-01','password1','2012-10-13 00:00:00','2012-10-13 00:00:00',0) {executed in 1 msec}
date:2014-09-01 22:44:59	thread:main	level:DEBUG	logger:jdbc.sqltiming                                  	msg: org.springframework.jdbc.datasource.init.ResourceDatabasePopulator.executeSqlScript(ResourceDatabasePopulator.java:186)
2. INSERT INTO T_USER(USER_NAME, USER_EMAIL, USER_BIRTH, USER_PASSWORD, CREATED_AT, UPDATED_AT, VERSION) VALUES('name2', 'name2@example.com' ,'2000-01-01','password2','2012-10-13 00:00:00','2012-10-13 00:00:00',0) {executed in 1 msec}
date:2014-09-01 22:44:59	thread:main	level:DEBUG	logger:jdbc.sqltiming                                  	msg: org.springframework.jdbc.datasource.init.ResourceDatabasePopulator.executeSqlScript(ResourceDatabasePopulator.java:186)
2. INSERT INTO T_USER(USER_NAME, USER_EMAIL, USER_BIRTH, USER_PASSWORD, CREATED_AT, UPDATED_AT, VERSION) VALUES('name3', 'name3@example.com' ,'2000-01-01','password3','2012-10-13 00:00:00','2012-10-13 00:00:00',0) {executed in 1 msec}
date:2014-09-01 22:44:59	thread:main	level:DEBUG	logger:jdbc.sqltiming                                  	msg: org.springframework.jdbc.datasource.init.ResourceDatabasePopulator.executeSqlScript(ResourceDatabasePopulator.java:186)
2. INSERT INTO T_USER(USER_NAME, USER_EMAIL, USER_BIRTH, USER_PASSWORD, CREATED_AT, UPDATED_AT, VERSION) VALUES('name4', 'name4@example.com' ,'2000-01-01','password4','2012-10-13 00:00:00','2012-10-13 00:00:00',0) {executed in 1 msec}
date:2014-09-01 22:44:59	thread:main	level:DEBUG	logger:jdbc.sqltiming                                  	msg: org.springframework.jdbc.datasource.init.ResourceDatabasePopulator.executeSqlScript(ResourceDatabasePopulator.java:186)
2. commit {executed in 0 msec}
date:2014-09-01 22:44:59	thread:main	level:WARN 	logger:org.dozer.config.GlobalSettings                 	msg:Dozer configuration file not found: dozer.properties.  Using defaults for all Dozer global properties.
date:2014-09-01 22:44:59	thread:main	level:DEBUG	logger:o.h.e.transaction.spi.AbstractTransactionImpl   	msg:begin
date:2014-09-01 22:44:59	thread:main	level:DEBUG	logger:o.h.e.transaction.internal.jdbc.JdbcTransaction 	msg:initial autocommit status: false
date:2014-09-01 22:44:59	thread:main	level:DEBUG	logger:jdbc.sqltiming                                  	msg: org.springframework.jdbc.core.JdbcTemplate$1ExecuteStatementCallback.doInStatement(JdbcTemplate.java:421)
3. DELETE FROM T_USER {executed in 1 msec}
date:2014-09-01 22:44:59	thread:main	level:DEBUG	logger:jdbc.sqltiming                                  	msg: org.springframework.jdbc.core.JdbcTemplate$4.doInPreparedStatement(JdbcTemplate.java:905)
3. batching 20 statements:
 0:  INSERT INTO T_USER(USER_NAME, USER_EMAIL, USER_BIRTH, USER_PASSWORD, CREATED_AT, UPDATED_AT, VERSION) VALUES('name0','name0@example.com','01/01/1990 22:44:59.743','password0','09/01/2014 22:44:55.452','09/01/2014 22:44:55.452',1)
 1:  INSERT INTO T_USER(USER_NAME, USER_EMAIL, USER_BIRTH, USER_PASSWORD, CREATED_AT, UPDATED_AT, VERSION) VALUES('name1','name1@example.com','02/02/1991 22:44:59.744','password1','09/01/2014 22:44:55.452','09/01/2014 22:44:55.452',1)
 2:  INSERT INTO T_USER(USER_NAME, USER_EMAIL, USER_BIRTH, USER_PASSWORD, CREATED_AT, UPDATED_AT, VERSION) VALUES('name2','name2@example.com','03/03/1992 22:44:59.744','password2','09/01/2014 22:44:55.452','09/01/2014 22:44:55.452',1)
 3:  INSERT INTO T_USER(USER_NAME, USER_EMAIL, USER_BIRTH, USER_PASSWORD, CREATED_AT, UPDATED_AT, VERSION) VALUES('name3','name3@example.com','04/04/1993 22:44:59.744','password3','09/01/2014 22:44:55.452','09/01/2014 22:44:55.452',1)
 4:  INSERT INTO T_USER(USER_NAME, USER_EMAIL, USER_BIRTH, USER_PASSWORD, CREATED_AT, UPDATED_AT, VERSION) VALUES('name4','name4@example.com','05/05/1994 22:44:59.744','password4','09/01/2014 22:44:55.452','09/01/2014 22:44:55.452',1)
 5:  INSERT INTO T_USER(USER_NAME, USER_EMAIL, USER_BIRTH, USER_PASSWORD, CREATED_AT, UPDATED_AT, VERSION) VALUES('name5','name5@example.com','06/06/1995 22:44:59.744','password5','09/01/2014 22:44:55.452','09/01/2014 22:44:55.452',1)
 6:  INSERT INTO T_USER(USER_NAME, USER_EMAIL, USER_BIRTH, USER_PASSWORD, CREATED_AT, UPDATED_AT, VERSION) VALUES('name6','name6@example.com','07/07/1996 22:44:59.744','password6','09/01/2014 22:44:55.452','09/01/2014 22:44:55.452',1)
 7:  INSERT INTO T_USER(USER_NAME, USER_EMAIL, USER_BIRTH, USER_PASSWORD, CREATED_AT, UPDATED_AT, VERSION) VALUES('name7','name7@example.com','08/08/1997 22:44:59.744','password7','09/01/2014 22:44:55.452','09/01/2014 22:44:55.452',1)
 8:  INSERT INTO T_USER(USER_NAME, USER_EMAIL, USER_BIRTH, USER_PASSWORD, CREATED_AT, UPDATED_AT, VERSION) VALUES('name8','name8@example.com','09/09/1998 22:44:59.744','password8','09/01/2014 22:44:55.452','09/01/2014 22:44:55.452',1)
 9:  INSERT INTO T_USER(USER_NAME, USER_EMAIL, USER_BIRTH, USER_PASSWORD, CREATED_AT, UPDATED_AT, VERSION) VALUES('name9','name9@example.com','10/10/1999 22:44:59.744','password9','09/01/2014 22:44:55.452','09/01/2014 22:44:55.452',1)
10:  INSERT INTO T_USER(USER_NAME, USER_EMAIL, USER_BIRTH, USER_PASSWORD, CREATED_AT, UPDATED_AT, VERSION) VALUES('name10','name10@example.com','11/11/2000 22:44:59.744','password10','09/01/2014 22:44:55.452','09/01/2014 22:44:55.452',1)
11:  INSERT INTO T_USER(USER_NAME, USER_EMAIL, USER_BIRTH, USER_PASSWORD, CREATED_AT, UPDATED_AT, VERSION) VALUES('name11','name11@example.com','12/12/2001 22:44:59.744','password11','09/01/2014 22:44:55.452','09/01/2014 22:44:55.452',1)
12:  INSERT INTO T_USER(USER_NAME, USER_EMAIL, USER_BIRTH, USER_PASSWORD, CREATED_AT, UPDATED_AT, VERSION) VALUES('name12','name12@example.com','01/13/2002 22:44:59.744','password12','09/01/2014 22:44:55.452','09/01/2014 22:44:55.452',1)
13:  INSERT INTO T_USER(USER_NAME, USER_EMAIL, USER_BIRTH, USER_PASSWORD, CREATED_AT, UPDATED_AT, VERSION) VALUES('name13','name13@example.com','02/14/2003 22:44:59.744','password13','09/01/2014 22:44:55.452','09/01/2014 22:44:55.452',1)
14:  INSERT INTO T_USER(USER_NAME, USER_EMAIL, USER_BIRTH, USER_PASSWORD, CREATED_AT, UPDATED_AT, VERSION) VALUES('name14','name14@example.com','03/15/2004 22:44:59.744','password14','09/01/2014 22:44:55.452','09/01/2014 22:44:55.452',1)
15:  INSERT INTO T_USER(USER_NAME, USER_EMAIL, USER_BIRTH, USER_PASSWORD, CREATED_AT, UPDATED_AT, VERSION) VALUES('name15','name15@example.com','04/16/2005 22:44:59.744','password15','09/01/2014 22:44:55.452','09/01/2014 22:44:55.452',1)
16:  INSERT INTO T_USER(USER_NAME, USER_EMAIL, USER_BIRTH, USER_PASSWORD, CREATED_AT, UPDATED_AT, VERSION) VALUES('name16','name16@example.com','05/17/2006 22:44:59.744','password16','09/01/2014 22:44:55.452','09/01/2014 22:44:55.452',1)
17:  INSERT INTO T_USER(USER_NAME, USER_EMAIL, USER_BIRTH, USER_PASSWORD, CREATED_AT, UPDATED_AT, VERSION) VALUES('name17','name17@example.com','06/18/2007 22:44:59.744','password17','09/01/2014 22:44:55.452','09/01/2014 22:44:55.452',1)
18:  INSERT INTO T_USER(USER_NAME, USER_EMAIL, USER_BIRTH, USER_PASSWORD, CREATED_AT, UPDATED_AT, VERSION) VALUES('name18','name18@example.com','07/19/2008 22:44:59.744','password18','09/01/2014 22:44:55.452','09/01/2014 22:44:55.452',1)
19:  INSERT INTO T_USER(USER_NAME, USER_EMAIL, USER_BIRTH, USER_PASSWORD, CREATED_AT, UPDATED_AT, VERSION) VALUES('name19','name19@example.com','08/20/2009 22:44:59.744','password19','09/01/2014 22:44:55.452','09/01/2014 22:44:55.452',1) {executed in 2 msec}
date:2014-09-01 22:44:59	thread:main	level:DEBUG	logger:jdbc.sqltiming                                  	msg: org.hibernate.engine.jdbc.internal.ResultSetReturnImpl.extract(ResultSetReturnImpl.java:56)
3. /* SELECT COUNT(x) FROM User x WHERE x.name LIKE :name */ select count(user0_.user_id) as col_0_0_ from t_user user0_ where user0_.user_name like 'name1%%' {executed in 9 msec}
date:2014-09-01 22:44:59	thread:main	level:DEBUG	logger:jdbc.sqltiming                                  	msg: org.hibernate.engine.jdbc.internal.ResultSetReturnImpl.extract(ResultSetReturnImpl.java:56)
3. /* SELECT x FROM User x WHERE x.name LIKE :name ORDER BY x.id */ select user0_.user_id as user_id1_0_, user0_.user_birth as user_bir2_0_, user0_.created_at as created_3_0_, user0_.user_email as user_ema4_0_, user0_.user_name as user_nam5_0_, user0_.user_password as user_pas6_0_, user0_.updated_at as updated_7_0_, user0_.version as version8_0_ from t_user user0_ where user0_.user_name like 'name1%%' order by user0_.user_id limit 3 offset 3 {executed in 1 msec}
date:2014-09-01 22:44:59	thread:main	level:DEBUG	logger:o.h.e.transaction.spi.AbstractTransactionImpl   	msg:rolling back
date:2014-09-01 22:44:59	thread:main	level:DEBUG	logger:o.h.e.transaction.internal.jdbc.JdbcTransaction 	msg:rolled JDBC Connection
date:2014-09-01 22:44:59	thread:main	level:DEBUG	logger:o.h.e.transaction.spi.AbstractTransactionImpl   	msg:begin
date:2014-09-01 22:44:59	thread:main	level:DEBUG	logger:o.h.e.transaction.internal.jdbc.JdbcTransaction 	msg:initial autocommit status: false
date:2014-09-01 22:44:59	thread:main	level:DEBUG	logger:jdbc.sqltiming                                  	msg: org.springframework.jdbc.core.JdbcTemplate$1ExecuteStatementCallback.doInStatement(JdbcTemplate.java:421)
4. DELETE FROM T_USER {executed in 1 msec}
date:2014-09-01 22:44:59	thread:main	level:DEBUG	logger:jdbc.sqltiming                                  	msg: org.springframework.jdbc.core.JdbcTemplate$4.doInPreparedStatement(JdbcTemplate.java:905)
4. batching 20 statements:
 0:  INSERT INTO T_USER(USER_NAME, USER_EMAIL, USER_BIRTH, USER_PASSWORD, CREATED_AT, UPDATED_AT, VERSION) VALUES('name0','name0@example.com','01/01/1990 22:44:59.855','password0','09/01/2014 22:44:59.851','09/01/2014 22:44:59.851',1)
 1:  INSERT INTO T_USER(USER_NAME, USER_EMAIL, USER_BIRTH, USER_PASSWORD, CREATED_AT, UPDATED_AT, VERSION) VALUES('name1','name1@example.com','02/02/1991 22:44:59.855','password1','09/01/2014 22:44:59.851','09/01/2014 22:44:59.851',1)
 2:  INSERT INTO T_USER(USER_NAME, USER_EMAIL, USER_BIRTH, USER_PASSWORD, CREATED_AT, UPDATED_AT, VERSION) VALUES('name2','name2@example.com','03/03/1992 22:44:59.855','password2','09/01/2014 22:44:59.851','09/01/2014 22:44:59.851',1)
 3:  INSERT INTO T_USER(USER_NAME, USER_EMAIL, USER_BIRTH, USER_PASSWORD, CREATED_AT, UPDATED_AT, VERSION) VALUES('name3','name3@example.com','04/04/1993 22:44:59.855','password3','09/01/2014 22:44:59.851','09/01/2014 22:44:59.851',1)
 4:  INSERT INTO T_USER(USER_NAME, USER_EMAIL, USER_BIRTH, USER_PASSWORD, CREATED_AT, UPDATED_AT, VERSION) VALUES('name4','name4@example.com','05/05/1994 22:44:59.855','password4','09/01/2014 22:44:59.851','09/01/2014 22:44:59.851',1)
 5:  INSERT INTO T_USER(USER_NAME, USER_EMAIL, USER_BIRTH, USER_PASSWORD, CREATED_AT, UPDATED_AT, VERSION) VALUES('name5','name5@example.com','06/06/1995 22:44:59.855','password5','09/01/2014 22:44:59.851','09/01/2014 22:44:59.851',1)
 6:  INSERT INTO T_USER(USER_NAME, USER_EMAIL, USER_BIRTH, USER_PASSWORD, CREATED_AT, UPDATED_AT, VERSION) VALUES('name6','name6@example.com','07/07/1996 22:44:59.855','password6','09/01/2014 22:44:59.851','09/01/2014 22:44:59.851',1)
 7:  INSERT INTO T_USER(USER_NAME, USER_EMAIL, USER_BIRTH, USER_PASSWORD, CREATED_AT, UPDATED_AT, VERSION) VALUES('name7','name7@example.com','08/08/1997 22:44:59.855','password7','09/01/2014 22:44:59.851','09/01/2014 22:44:59.851',1)
 8:  INSERT INTO T_USER(USER_NAME, USER_EMAIL, USER_BIRTH, USER_PASSWORD, CREATED_AT, UPDATED_AT, VERSION) VALUES('name8','name8@example.com','09/09/1998 22:44:59.855','password8','09/01/2014 22:44:59.851','09/01/2014 22:44:59.851',1)
 9:  INSERT INTO T_USER(USER_NAME, USER_EMAIL, USER_BIRTH, USER_PASSWORD, CREATED_AT, UPDATED_AT, VERSION) VALUES('name9','name9@example.com','10/10/1999 22:44:59.855','password9','09/01/2014 22:44:59.851','09/01/2014 22:44:59.851',1)
10:  INSERT INTO T_USER(USER_NAME, USER_EMAIL, USER_BIRTH, USER_PASSWORD, CREATED_AT, UPDATED_AT, VERSION) VALUES('name10','name10@example.com','11/11/2000 22:44:59.856','password10','09/01/2014 22:44:59.851','09/01/2014 22:44:59.851',1)
11:  INSERT INTO T_USER(USER_NAME, USER_EMAIL, USER_BIRTH, USER_PASSWORD, CREATED_AT, UPDATED_AT, VERSION) VALUES('name11','name11@example.com','12/12/2001 22:44:59.856','password11','09/01/2014 22:44:59.851','09/01/2014 22:44:59.851',1)
12:  INSERT INTO T_USER(USER_NAME, USER_EMAIL, USER_BIRTH, USER_PASSWORD, CREATED_AT, UPDATED_AT, VERSION) VALUES('name12','name12@example.com','01/13/2002 22:44:59.856','password12','09/01/2014 22:44:59.851','09/01/2014 22:44:59.851',1)
13:  INSERT INTO T_USER(USER_NAME, USER_EMAIL, USER_BIRTH, USER_PASSWORD, CREATED_AT, UPDATED_AT, VERSION) VALUES('name13','name13@example.com','02/14/2003 22:44:59.856','password13','09/01/2014 22:44:59.851','09/01/2014 22:44:59.851',1)
14:  INSERT INTO T_USER(USER_NAME, USER_EMAIL, USER_BIRTH, USER_PASSWORD, CREATED_AT, UPDATED_AT, VERSION) VALUES('name14','name14@example.com','03/15/2004 22:44:59.856','password14','09/01/2014 22:44:59.851','09/01/2014 22:44:59.851',1)
15:  INSERT INTO T_USER(USER_NAME, USER_EMAIL, USER_BIRTH, USER_PASSWORD, CREATED_AT, UPDATED_AT, VERSION) VALUES('name15','name15@example.com','04/16/2005 22:44:59.856','password15','09/01/2014 22:44:59.851','09/01/2014 22:44:59.851',1)
16:  INSERT INTO T_USER(USER_NAME, USER_EMAIL, USER_BIRTH, USER_PASSWORD, CREATED_AT, UPDATED_AT, VERSION) VALUES('name16','name16@example.com','05/17/2006 22:44:59.856','password16','09/01/2014 22:44:59.851','09/01/2014 22:44:59.851',1)
17:  INSERT INTO T_USER(USER_NAME, USER_EMAIL, USER_BIRTH, USER_PASSWORD, CREATED_AT, UPDATED_AT, VERSION) VALUES('name17','name17@example.com','06/18/2007 22:44:59.856','password17','09/01/2014 22:44:59.851','09/01/2014 22:44:59.851',1)
18:  INSERT INTO T_USER(USER_NAME, USER_EMAIL, USER_BIRTH, USER_PASSWORD, CREATED_AT, UPDATED_AT, VERSION) VALUES('name18','name18@example.com','07/19/2008 22:44:59.856','password18','09/01/2014 22:44:59.851','09/01/2014 22:44:59.851',1)
19:  INSERT INTO T_USER(USER_NAME, USER_EMAIL, USER_BIRTH, USER_PASSWORD, CREATED_AT, UPDATED_AT, VERSION) VALUES('name19','name19@example.com','08/20/2009 22:44:59.856','password19','09/01/2014 22:44:59.851','09/01/2014 22:44:59.851',1) {executed in 2 msec}
date:2014-09-01 22:44:59	thread:main	level:DEBUG	logger:jdbc.sqltiming                                  	msg: org.hibernate.engine.jdbc.internal.ResultSetReturnImpl.executeUpdate(ResultSetReturnImpl.java:133)
4. /* insert jp.isakmp2spring.booklist.domain.model.User */ insert into t_user (user_id, user_birth, created_at, user_email, user_name, user_password, updated_at, version) values (null, '09/01/2014 22:44:59.870', '09/01/2014 22:44:59.851', 'foo@example.com', 'foo', 'foo', '09/01/2014 22:44:59.851', 0) {executed in 0 msec}
date:2014-09-01 22:44:59	thread:main	level:DEBUG	logger:jdbc.sqltiming                                  	msg: org.springframework.jdbc.core.JdbcTemplate$1.doInPreparedStatement(JdbcTemplate.java:646)
4. SELECT * FROM T_USER WHERE USER_ID = 46 {executed in 0 msec}
date:2014-09-01 22:44:59	thread:main	level:DEBUG	logger:o.h.e.transaction.spi.AbstractTransactionImpl   	msg:rolling back
date:2014-09-01 22:44:59	thread:main	level:DEBUG	logger:o.h.e.transaction.internal.jdbc.JdbcTransaction 	msg:rolled JDBC Connection
